<?xml version="1.0" encoding="UTF-8"?>
<testsuite name="com.astarisk.book.springboot.web.IndexControllerTest" tests="1" skipped="0" failures="0" errors="0" timestamp="2020-02-03T23:24:23" hostname="LAPTOP-DK55RMKV" time="0.472">
  <properties/>
  <testcase name="메인페이지_로딩" classname="com.astarisk.book.springboot.web.IndexControllerTest" time="0.472"/>
  <system-out><![CDATA[2020-02-04 08:24:18.201  INFO 29280 --- [    Test worker] .b.t.c.SpringBootTestContextBootstrapper : Neither @ContextConfiguration nor @ContextHierarchy found for test class [com.astarisk.book.springboot.web.IndexControllerTest], using SpringBootContextLoader
2020-02-04 08:24:18.202  INFO 29280 --- [    Test worker] o.s.t.c.support.AbstractContextLoader    : Could not detect default resource locations for test class [com.astarisk.book.springboot.web.IndexControllerTest]: no resource found for suffixes {-context.xml, Context.groovy}.
2020-02-04 08:24:18.203  INFO 29280 --- [    Test worker] t.c.s.AnnotationConfigContextLoaderUtils : Could not detect default configuration classes for test class [com.astarisk.book.springboot.web.IndexControllerTest]: IndexControllerTest does not declare any static, non-private, non-final, nested classes annotated with @Configuration.
2020-02-04 08:24:18.206  INFO 29280 --- [    Test worker] .b.t.c.SpringBootTestContextBootstrapper : Found @SpringBootConfiguration com.astarisk.book.springboot.Application for test class com.astarisk.book.springboot.web.IndexControllerTest
2020-02-04 08:24:18.209  INFO 29280 --- [    Test worker] .b.t.c.SpringBootTestContextBootstrapper : Loaded default TestExecutionListener class names from location [META-INF/spring.factories]: [org.springframework.security.test.context.support.WithSecurityContextTestExecutionListener, org.springframework.security.test.context.support.ReactorContextTestExecutionListener, org.springframework.boot.test.autoconfigure.restdocs.RestDocsTestExecutionListener, org.springframework.boot.test.autoconfigure.web.client.MockRestServiceServerResetTestExecutionListener, org.springframework.boot.test.autoconfigure.web.servlet.MockMvcPrintOnlyOnFailureTestExecutionListener, org.springframework.boot.test.autoconfigure.web.servlet.WebDriverTestExecutionListener, org.springframework.boot.test.mock.mockito.MockitoTestExecutionListener, org.springframework.boot.test.mock.mockito.ResetMocksTestExecutionListener, org.springframework.test.context.web.ServletTestExecutionListener, org.springframework.test.context.support.DirtiesContextBeforeModesTestExecutionListener, org.springframework.test.context.support.DependencyInjectionTestExecutionListener, org.springframework.test.context.support.DirtiesContextTestExecutionListener, org.springframework.test.context.transaction.TransactionalTestExecutionListener, org.springframework.test.context.jdbc.SqlScriptsTestExecutionListener]
2020-02-04 08:24:18.212  INFO 29280 --- [    Test worker] .b.t.c.SpringBootTestContextBootstrapper : Using TestExecutionListeners: [org.springframework.test.context.web.ServletTestExecutionListener@6ece9b71, org.springframework.test.context.support.DirtiesContextBeforeModesTestExecutionListener@463480ab, org.springframework.boot.test.mock.mockito.MockitoTestExecutionListener@6c594c67, org.springframework.boot.test.autoconfigure.SpringBootDependencyInjectionTestExecutionListener@43b5af76, org.springframework.test.context.support.DirtiesContextTestExecutionListener@59bab162, org.springframework.test.context.transaction.TransactionalTestExecutionListener@3be94326, org.springframework.test.context.jdbc.SqlScriptsTestExecutionListener@1d751a48, org.springframework.security.test.context.support.WithSecurityContextTestExecutionListener@73d5c88f, org.springframework.security.test.context.support.ReactorContextTestExecutionListener@7fe85636, org.springframework.boot.test.autoconfigure.restdocs.RestDocsTestExecutionListener@ee9da9e, org.springframework.boot.test.autoconfigure.web.client.MockRestServiceServerResetTestExecutionListener@3bfb3651, org.springframework.boot.test.autoconfigure.web.servlet.MockMvcPrintOnlyOnFailureTestExecutionListener@66b71011, org.springframework.boot.test.autoconfigure.web.servlet.WebDriverTestExecutionListener@5bd3b317, org.springframework.boot.test.mock.mockito.ResetMocksTestExecutionListener@1b2ebfd9]

  .   ____          _            __ _ _
 /\\ / ___'_ __ _ _(_)_ __  __ _ \ \ \ \
( ( )\___ | '_ | '_| | '_ \/ _` | \ \ \ \
 \\/  ___)| |_)| | | | | || (_| |  ) ) ) )
  '  |____| .__|_| |_|_| |_\__, | / / / /
 =========|_|==============|___/=/_/_/_/
 :: Spring Boot ::        (v2.1.7.RELEASE)

2020-02-04 08:24:18.324  INFO 29280 --- [    Test worker] c.a.b.s.web.IndexControllerTest          : Starting IndexControllerTest on LAPTOP-DK55RMKV with PID 29280 (started by lee.jaesung in C:\Users\Joins\IdeaProjects\study-springboot2-webservice)
2020-02-04 08:24:18.325  INFO 29280 --- [    Test worker] c.a.b.s.web.IndexControllerTest          : No active profile set, falling back to default profiles: default
2020-02-04 08:24:18.945  INFO 29280 --- [    Test worker] .s.d.r.c.RepositoryConfigurationDelegate : Bootstrapping Spring Data repositories in DEFAULT mode.
2020-02-04 08:24:19.036  INFO 29280 --- [    Test worker] .s.d.r.c.RepositoryConfigurationDelegate : Finished Spring Data repository scanning in 90ms. Found 2 repository interfaces.
2020-02-04 08:24:19.340  INFO 29280 --- [    Test worker] trationDelegate$BeanPostProcessorChecker : Bean 'org.springframework.transaction.annotation.ProxyTransactionManagementConfiguration' of type [org.springframework.transaction.annotation.ProxyTransactionManagementConfiguration$$EnhancerBySpringCGLIB$$35c0f574] is not eligible for getting processed by all BeanPostProcessors (for example: not eligible for auto-proxying)
2020-02-04 08:24:19.903  INFO 29280 --- [    Test worker] o.s.b.w.embedded.tomcat.TomcatWebServer  : Tomcat initialized with port(s): 0 (http)
2020-02-04 08:24:19.954  INFO 29280 --- [    Test worker] o.apache.catalina.core.StandardService   : Starting service [Tomcat]
2020-02-04 08:24:19.955  INFO 29280 --- [    Test worker] org.apache.catalina.core.StandardEngine  : Starting Servlet engine: [Apache Tomcat/9.0.22]
2020-02-04 08:24:20.296  INFO 29280 --- [    Test worker] o.a.c.c.C.[Tomcat].[localhost].[/]       : Initializing Spring embedded WebApplicationContext
2020-02-04 08:24:20.296  INFO 29280 --- [    Test worker] o.s.web.context.ContextLoader            : Root WebApplicationContext: initialization completed in 1962 ms
2020-02-04 08:24:20.758  INFO 29280 --- [    Test worker] com.zaxxer.hikari.HikariDataSource       : HikariPool-2 - Starting...
2020-02-04 08:24:20.760  INFO 29280 --- [    Test worker] com.zaxxer.hikari.HikariDataSource       : HikariPool-2 - Start completed.
2020-02-04 08:24:20.876  INFO 29280 --- [    Test worker] o.hibernate.jpa.internal.util.LogHelper  : HHH000204: Processing PersistenceUnitInfo [
	name: default
	...]
2020-02-04 08:24:20.910  INFO 29280 --- [    Test worker] org.hibernate.dialect.Dialect            : HHH000400: Using dialect: org.hibernate.dialect.MySQL5Dialect
Hibernate: drop table if exists posts
Hibernate: drop table if exists user
Hibernate: create table posts (id bigint not null auto_increment, created_date datetime, modified_date datetime, author varchar(255), content TEXT not null, title varchar(500) not null, primary key (id)) engine=MyISAM
Hibernate: create table user (id bigint not null auto_increment, email varchar(255) not null, name varchar(255) not null, picture varchar(255), role varchar(255) not null, primary key (id)) engine=MyISAM
2020-02-04 08:24:21.039  INFO 29280 --- [    Test worker] o.h.t.schema.internal.SchemaCreatorImpl  : HHH000476: Executing import script 'org.hibernate.tool.schema.internal.exec.ScriptSourceInputNonExistentImpl@64c65568'
2020-02-04 08:24:21.040  INFO 29280 --- [    Test worker] j.LocalContainerEntityManagerFactoryBean : Initialized JPA EntityManagerFactory for persistence unit 'default'
2020-02-04 08:24:21.866  INFO 29280 --- [    Test worker] o.h.h.i.QueryTranslatorFactoryInitiator  : HHH000397: Using ASTQueryTranslatorFactory
2020-02-04 08:24:22.251  INFO 29280 --- [    Test worker] o.s.s.web.DefaultSecurityFilterChain     : Creating filter chain: any request, [org.springframework.security.web.context.request.async.WebAsyncManagerIntegrationFilter@2c7ec992, org.springframework.security.web.context.SecurityContextPersistenceFilter@719ccc3a, org.springframework.security.web.header.HeaderWriterFilter@528bd243, org.springframework.security.web.authentication.logout.LogoutFilter@62a0420f, org.springframework.security.oauth2.client.web.OAuth2AuthorizationRequestRedirectFilter@3623c2e3, org.springframework.security.oauth2.client.web.OAuth2LoginAuthenticationFilter@5b5947cd, org.springframework.security.web.authentication.ui.DefaultLoginPageGeneratingFilter@754aad80, org.springframework.security.web.authentication.ui.DefaultLogoutPageGeneratingFilter@26183b81, org.springframework.security.web.savedrequest.RequestCacheAwareFilter@11a0b02b, org.springframework.security.web.servletapi.SecurityContextHolderAwareRequestFilter@1db57196, org.springframework.security.web.authentication.AnonymousAuthenticationFilter@e04d17b, org.springframework.security.web.session.SessionManagementFilter@48d41878, org.springframework.security.web.access.ExceptionTranslationFilter@6acde1c, org.springframework.security.web.access.intercept.FilterSecurityInterceptor@f70b397]
2020-02-04 08:24:22.756  INFO 29280 --- [    Test worker] o.s.s.concurrent.ThreadPoolTaskExecutor  : Initializing ExecutorService 'applicationTaskExecutor'
2020-02-04 08:24:22.782  WARN 29280 --- [    Test worker] aWebConfiguration$JpaWebMvcConfiguration : spring.jpa.open-in-view is enabled by default. Therefore, database queries may be performed during view rendering. Explicitly configure spring.jpa.open-in-view to disable this warning
2020-02-04 08:24:22.843  INFO 29280 --- [    Test worker] o.s.b.a.w.s.WelcomePageHandlerMapping    : Adding welcome page template: index
2020-02-04 08:24:23.556  INFO 29280 --- [    Test worker] s.a.ScheduledAnnotationBeanPostProcessor : No TaskScheduler/ScheduledExecutorService bean found for scheduled processing
2020-02-04 08:24:23.718  INFO 29280 --- [    Test worker] o.s.b.w.embedded.tomcat.TomcatWebServer  : Tomcat started on port(s): 50008 (http) with context path ''
2020-02-04 08:24:23.719  INFO 29280 --- [    Test worker] c.a.b.s.web.IndexControllerTest          : Started IndexControllerTest in 5.504 seconds (JVM running for 21.287)
2020-02-04 08:24:23.993  INFO 29280 --- [o-auto-1-exec-1] o.a.c.c.C.[Tomcat].[localhost].[/]       : Initializing Spring DispatcherServlet 'dispatcherServlet'
2020-02-04 08:24:23.993  INFO 29280 --- [o-auto-1-exec-1] o.s.web.servlet.DispatcherServlet        : Initializing Servlet 'dispatcherServlet'
2020-02-04 08:24:24.049  INFO 29280 --- [o-auto-1-exec-1] o.s.web.servlet.DispatcherServlet        : Completed initialization in 55 ms
Hibernate: select posts0_.id as id1_0_, posts0_.created_date as created_2_0_, posts0_.modified_date as modified3_0_, posts0_.author as author4_0_, posts0_.content as content5_0_, posts0_.title as title6_0_ from posts posts0_ order by posts0_.id DESC
]]></system-out>
  <system-err><![CDATA[]]></system-err>
</testsuite>
